T30A0 000:008.004   SEGGER J-Link V7.98b Log File
T30A0 000:008.125   DLL Compiled: Jul 31 2024 16:10:46
T30A0 000:008.131   Logging started @ 2024-09-19 13:03
T30A0 000:008.137   Process: C:\Users\alex.grutter\.eclipse\com.renesas.platform_1291987301\DebugComp\RA\e2-server-gdb.exe
T30A0 000:008.145 - 8.142ms
T30A0 000:008.165 JLINK_GetDLLVersion()
T30A0 000:008.173 - 0.008ms returns 79802
T30A0 000:011.339 JLINK_OpenEx(...)
T30A0 000:016.487   Looking for J-Link GUI Server exe at: C:\Users\alex.grutter\.eclipse\com.renesas.platform_1291987301\DebugComp\RA\ARM\Segger_v7.98.2\JLinkGUIServer.exe
T30A0 000:016.625   Looking for J-Link GUI Server exe at: C:\Program Files\SEGGER\JLink_V796o\JLinkGUIServer.exe
T30A0 000:016.697   Forking J-Link GUI Server: C:\Program Files\SEGGER\JLink_V796o\JLinkGUIServer.exe
T30A0 000:289.974   J-Link GUI Server info: "J-Link GUI server V7.96o "
T30A0 011:183.131   Firmware: J-Link OB-S124 compiled Dec 13 2023 14:39:54
T30A0 011:185.938   Firmware: J-Link OB-S124 compiled Dec 13 2023 14:39:54
T30A0 011:197.848   Looking for J-Link GUI Server exe at: C:\Users\alex.grutter\.eclipse\com.renesas.platform_1291987301\DebugComp\RA\ARM\Segger_v7.98.2\JLinkGUIServer.exe
T30A0 011:197.987   Looking for J-Link GUI Server exe at: C:\Program Files\SEGGER\JLink_V796o\JLinkGUIServer.exe
T30A0 011:198.024   Forking J-Link GUI Server: C:\Program Files\SEGGER\JLink_V796o\JLinkGUIServer.exe
T30A0 011:205.197   J-Link GUI Server info: "J-Link GUI server V7.96o "
T30A0 012:380.784   Updating firmware:  J-Link OB-S124 compiled Jul  3 2024 17:03:07
T30A0 012:380.814   Replacing firmware: J-Link OB-S124 compiled Dec 13 2023 14:39:54
T30A0 016:955.588   Waiting for new firmware to boot
T30A0 017:942.192   New firmware booted successfully
T30A0 017:980.212   Hardware: V1.00
T30A0 017:980.240   S/N: 831335364
T30A0 017:980.250   OEM: SEGGER
T30A0 017:980.268   Feature(s): None
T30A0 017:983.436   Bootloader: 2019 Oct 15
T30A0 017:985.628   USB speed mode: Full speed (12 MBit/s)
T30A0 017:987.076   TELNET listener socket opened on port 19021
T30A0 017:987.366   WEBSRV WEBSRV_Init(): Starting webserver thread(s)
T30A0 017:988.112   WEBSRV Webserver running on local port 19080
T30A0 017:989.462 - 17978.112ms returns "O.K."
T30A0 017:990.572 JLINK_ExecCommand("ProjectFile=D:\Renesas-RA\EK_RA6M4\EK_RA6M4_ThreadX_Demo/EK_RA6M4_ThreadX_Demo Debug_Flat.jlink", ...). 
T30A0 018:052.254 - 61.684ms returns 0x00
T30A0 018:053.684 JLINK_ExecCommand("device=R7FA6M4AF", ...). 
T30A0 018:054.846   Flash bank @ 0x0100A100: SFL: Parsing sectorization info from ELF file
T30A0 018:054.874     FlashDevice.SectorInfo[0]: .SectorSize = 0x00000010, .SectorStartAddr = 0x00000000
T30A0 018:054.884   FlashBank @0x0100A100: Sectorization info from SFL ELF file ignored because sectorization override from DLL / XML file is active.
T30A0 018:055.500   Flash bank @ 0x60000000: SFL: Parsing sectorization info from ELF file
T30A0 018:055.524     FlashDevice.SectorInfo[0]: .SectorSize = 0x00010000, .SectorStartAddr = 0x00000000
T30A0 018:061.024   Device "R7FA6M4AF" selected.
T30A0 018:061.634 - 7.923ms returns 0x00
T30A0 018:061.670 JLINK_TIF_GetAvailable(...)
T30A0 018:062.266 - 0.595ms
T30A0 018:062.292 JLINK_TIF_Select(JLINKARM_TIF_SWD)
T30A0 018:065.950 - 3.654ms returns 0x00
T30A0 018:066.052 JLINK_SetSpeed(4000)
T30A0 018:066.806 - 0.775ms
T30A0 018:066.870 JLINK_ReadMem(0xE000EDF0, 0x4 Bytes, ...)
T30A0 018:068.236   ConfigTargetSettings() start
T30A0 018:068.316    J-Link Script File: Executing ConfigTargetSettings()
T30A0 018:068.386   Configuring FlashDLNoRMWThreshold=0x200 in order to make sure that option bytes programming is done via read-modify-write
T30A0 018:180.406   ConfigTargetSettings() end - Took 112ms
T30A0 018:180.444   InitTarget() start
T30A0 018:180.458    J-Link Script File: Executing InitTarget()
T30A0 018:180.468   SWD selected. Executing JTAG -> SWD switching sequence.
T30A0 018:186.360   DAP initialized successfully.
T30A0 018:186.388   Determining TrustZone configuration...
T30A0 018:190.100     Secure Debug: Enabled (SSD)
T30A0 018:190.202   Determining currently configured transfer type by reading the AHB-AP CSW register.
T30A0 018:193.254     --> Correct transfer type configured. Done.
T30A0 018:193.308   InitTarget() end - Took 12.8ms
T30A0 018:195.766   Found SW-DP with ID 0x6BA02477
T30A0 018:202.580   DPIDR: 0x6BA02477
T30A0 018:202.626   CoreSight SoC-400 or earlier
T30A0 018:202.648   Scanning AP map to find all available APs
T30A0 018:205.710   AP[2]: Stopped AP scan as end of AP map has been reached
T30A0 018:205.748   AP[0]: AHB-AP (IDR: 0x84770001)
T30A0 018:205.760   AP[1]: APB-AP (IDR: 0x54770002)
T30A0 018:205.770   Iterating through AP map to find AHB-AP to use
T30A0 018:207.928   AP[0]: Core found
T30A0 018:208.016   AP[0]: AHB-AP ROM base: 0xE00FE000
T30A0 018:209.372   CPUID register: 0x410FD214. Implementer code: 0x41 (ARM)
T30A0 018:209.420   Feature set: Mainline
T30A0 018:210.514   Cache: No cache
T30A0 018:210.532   Found Cortex-M33 r0p4, Little endian.
T30A0 018:212.180   -- Max. mem block: 0x00001B00
T30A0 018:214.990   CPU_ReadMem(4 bytes @ 0xE000EDF0)
T30A0 018:216.460   CPU_WriteMem(4 bytes @ 0xE000EDF0)
T30A0 018:217.306   CPU_ReadMem(4 bytes @ 0xE0002000)
T30A0 018:218.276   FPUnit: 8 code (BP) slots and 0 literal slots
T30A0 018:218.308   CPU_ReadMem(4 bytes @ 0xE000EDFC)
T30A0 018:219.204   CPU_WriteMem(4 bytes @ 0xE000EDFC)
T30A0 018:220.220   CPU_ReadMem(4 bytes @ 0xE0001000)
T30A0 018:221.164   CPU_ReadMem(4 bytes @ 0xE0001000)
T30A0 018:222.992   CPU_ReadMem(4 bytes @ 0xE0001028)
T30A0 018:224.364   CPU_ReadMem(4 bytes @ 0xE0001038)
T30A0 018:226.306   CPU_ReadMem(4 bytes @ 0xE0001048)
T30A0 018:227.332   CPU_ReadMem(4 bytes @ 0xE0001058)
T30A0 018:228.262   CPU_WriteMem(4 bytes @ 0xE0001000)
T30A0 018:229.202   CPU_ReadMem(4 bytes @ 0xE000ED88)
T30A0 018:230.142   CPU_WriteMem(4 bytes @ 0xE000ED88)
T30A0 018:231.054   CPU_ReadMem(4 bytes @ 0xE000ED88)
T30A0 018:232.048   CPU_WriteMem(4 bytes @ 0xE000ED88)
T30A0 018:232.998   CPU_ReadMem(4 bytes @ 0xE000EFB8)
T30A0 018:233.976   Security extension: implemented
T30A0 018:234.012   Secure debug: enabled
T30A0 018:234.026   CoreSight components:
T30A0 018:234.040   ROMTbl[0] @ E00FE000
T30A0 018:234.054   CPU_ReadMem(64 bytes @ 0xE00FE000)
T30A0 018:235.822   CPU_ReadMem(32 bytes @ 0xE0044FE0)
T30A0 018:237.034   CPU_ReadMem(4 bytes @ 0xE0044FBC)
T30A0 018:237.868   CPU_ReadMem(4 bytes @ 0xE0044FCC)
T30A0 018:238.806   [0][0]: E0044000 CID B105900D PID 005BB906 DEVARCH 00000000 DEVTYPE 14 CTI (?)
T30A0 018:238.828   CPU_ReadMem(32 bytes @ 0xE0047FE0)
T30A0 018:240.210   CPU_ReadMem(4 bytes @ 0xE0047FBC)
T30A0 018:241.296   CPU_ReadMem(4 bytes @ 0xE0047FCC)
T30A0 018:242.576   [0][1]: E0047000 CID B105900D PID 003BB908 DEVARCH 00000000 DEVTYPE 12 CSTF
T30A0 018:242.686   CPU_ReadMem(32 bytes @ 0xE0048FE0)
T30A0 018:244.022   CPU_ReadMem(4 bytes @ 0xE0048FBC)
T30A0 018:244.868   CPU_ReadMem(4 bytes @ 0xE0048FCC)
T30A0 018:245.908   [0][2]: E0048000 CID B105900D PID 001BB961 DEVARCH 00000000 DEVTYPE 21 ETB
T30A0 018:245.932   CPU_ReadMem(32 bytes @ 0xE0049FE0)
T30A0 018:247.236   [0][3]: E0049000 CID B105F00D PID 001BB101 TSG
T30A0 018:247.260   CPU_ReadMem(32 bytes @ 0xE0040FE0)
T30A0 018:248.496   CPU_ReadMem(4 bytes @ 0xE0040FBC)
T30A0 018:249.294   CPU_ReadMem(4 bytes @ 0xE0040FCC)
T30A0 018:250.302   [0][4]: E0040000 CID B105900D PID 000BBD21 DEVARCH 00000000 DEVTYPE 11 TPIU
T30A0 018:250.322   CPU_ReadMem(32 bytes @ 0xE00FFFE0)
T30A0 018:251.562   [0][5]: E00FF000 CID B105100D PID 000BB4C9 ROM Table
T30A0 018:251.588   ROMTbl[1] @ E00FF000
T30A0 018:251.608   CPU_ReadMem(64 bytes @ 0xE00FF000)
T30A0 018:253.294   CPU_ReadMem(32 bytes @ 0xE000EFE0)
T30A0 018:254.492   CPU_ReadMem(4 bytes @ 0xE000EFBC)
T30A0 018:255.302   CPU_ReadMem(4 bytes @ 0xE000EFCC)
T30A0 018:256.220   [1][0]: E000E000 CID B105900D PID 000BBD21 DEVARCH 47702A04 DEVTYPE 00 Cortex-M33
T30A0 018:256.262   CPU_ReadMem(32 bytes @ 0xE0001FE0)
T30A0 018:257.762   CPU_ReadMem(4 bytes @ 0xE0001FBC)
T30A0 018:258.920   CPU_ReadMem(4 bytes @ 0xE0001FCC)
T30A0 018:259.800   [1][1]: E0001000 CID B105900D PID 000BBD21 DEVARCH 47701A02 DEVTYPE 00 DWT
T30A0 018:259.820   CPU_ReadMem(32 bytes @ 0xE0002FE0)
T30A0 018:261.132   CPU_ReadMem(4 bytes @ 0xE0002FBC)
T30A0 018:262.002   CPU_ReadMem(4 bytes @ 0xE0002FCC)
T30A0 018:262.908   [1][2]: E0002000 CID B105900D PID 000BBD21 DEVARCH 47701A03 DEVTYPE 00 FPB
T30A0 018:262.940   CPU_ReadMem(32 bytes @ 0xE0000FE0)
T30A0 018:264.186   CPU_ReadMem(4 bytes @ 0xE0000FBC)
T30A0 018:265.054   CPU_ReadMem(4 bytes @ 0xE0000FCC)
T30A0 018:266.052   [1][3]: E0000000 CID B105900D PID 000BBD21 DEVARCH 47701A01 DEVTYPE 43 ITM
T30A0 018:266.080   CPU_ReadMem(32 bytes @ 0xE0041FE0)
T30A0 018:267.402   CPU_ReadMem(4 bytes @ 0xE0041FBC)
T30A0 018:268.166   CPU_ReadMem(4 bytes @ 0xE0041FCC)
T30A0 018:269.170   [1][5]: E0041000 CID B105900D PID 002BBD21 DEVARCH 47724A13 DEVTYPE 13 ETM
T30A0 018:269.192   CPU_ReadMem(32 bytes @ 0xE0042FE0)
T30A0 018:270.398   CPU_ReadMem(4 bytes @ 0xE0042FBC)
T30A0 018:271.190   CPU_ReadMem(4 bytes @ 0xE0042FCC)
T30A0 018:272.186   [1][6]: E0042000 CID B105900D PID 000BBD21 DEVARCH 47701A14 DEVTYPE 14 CSS600-CTI
T30A0 018:272.284   CPU_ReadMem(4 bytes @ 0xE000EDF0)
T30A0 018:273.148   Data:  01 00 18 00
T30A0 018:273.170   Debug reg: DHCSR
T30A0 018:273.180 - 206.310ms returns 0
T30A0 018:273.300 JLINK_ReadMem(0x400E002C, 0x4 Bytes, ...)
T30A0 018:273.316   CPU_ReadMem(4 bytes @ 0x400E002C)
T30A0 018:274.276   Data:  02 00 00 00
T30A0 018:274.314 - 1.015ms returns 0
T30A0 018:274.486 JLINK_ReadMem(0xE000EDF0, 0x4 Bytes, ...)
T30A0 018:274.586   CPU_ReadMem(4 bytes @ 0xE000EDF0)
T30A0 018:275.700   Data:  01 00 18 00
T30A0 018:275.726   Debug reg: DHCSR
T30A0 018:275.740 - 1.254ms returns 0
T30A0 018:275.812 JLINK_ReadMem(0xE000EDF0, 0x4 Bytes, ...)
T30A0 018:275.836   CPU_ReadMem(4 bytes @ 0xE000EDF0)
T30A0 018:276.676   Data:  01 00 18 00
T30A0 018:276.694   Debug reg: DHCSR
T30A0 018:276.706 - 0.894ms returns 0
T30A0 018:276.722 JLINK_ReadMem(0x400E001C, 0x4 Bytes, ...)
T30A0 018:276.740   CPU_ReadMem(4 bytes @ 0x400E001C)
T30A0 018:277.688   Data:  00 D4 00 00
T30A0 018:277.710 - 0.987ms returns 0
T30A0 018:277.734 JLINK_ReadMem(0xE000EDF0, 0x4 Bytes, ...)
T30A0 018:277.750   CPU_ReadMem(4 bytes @ 0xE000EDF0)
T30A0 018:278.688   Data:  01 00 18 00
T30A0 018:278.710   Debug reg: DHCSR
T30A0 018:278.724 - 0.988ms returns 0
T30A0 018:278.740 JLINK_ReadMem(0x400E0018, 0x4 Bytes, ...)
T30A0 018:278.756   CPU_ReadMem(4 bytes @ 0x400E0018)
T30A0 018:279.668   Data:  00 00 01 00
T30A0 018:279.686 - 0.946ms returns 0
T30A0 018:279.704 JLINK_ReadMem(0xE000EDF0, 0x4 Bytes, ...)
T30A0 018:279.716   CPU_ReadMem(4 bytes @ 0xE000EDF0)
T30A0 018:280.562   Data:  01 00 18 00
T30A0 018:280.576   Debug reg: DHCSR
T30A0 018:280.584 - 0.879ms returns 0
T30A0 018:280.594 JLINK_ReadMem(0x400E0020, 0x4 Bytes, ...)
T30A0 018:280.602   CPU_ReadMem(4 bytes @ 0x400E0020)
T30A0 018:281.516   Data:  00 00 00 00
T30A0 018:281.532 - 0.937ms returns 0
T30A0 018:281.548 JLINK_ReadMem(0xE000EDF0, 0x4 Bytes, ...)
T30A0 018:281.558   CPU_ReadMem(4 bytes @ 0xE000EDF0)
T30A0 018:282.472   Data:  01 00 18 00
T30A0 018:282.492   Debug reg: DHCSR
T30A0 018:282.500 - 0.950ms returns 0
T30A0 018:282.512 JLINK_ReadMem(0x400E0028, 0x4 Bytes, ...)
T30A0 018:282.526   CPU_ReadMem(4 bytes @ 0x400E0028)
T30A0 018:283.446   Data:  00 28 00 00
T30A0 018:283.468 - 0.954ms returns 0
T30A0 018:283.492 JLINK_ReadMem(0xE000EDF0, 0x4 Bytes, ...)
T30A0 018:283.508   CPU_ReadMem(4 bytes @ 0xE000EDF0)
T30A0 018:284.348   Data:  01 00 18 00
T30A0 018:284.370   Debug reg: DHCSR
T30A0 018:284.380 - 0.888ms returns 0
T30A0 018:284.396 JLINK_ReadMem(0x400E0024, 0x4 Bytes, ...)
T30A0 018:284.408   CPU_ReadMem(4 bytes @ 0x400E0024)
T30A0 018:285.302   Data:  00 40 00 00
T30A0 018:285.330 - 0.933ms returns 0
T30A0 018:285.364 JLINK_ReadMem(0xE000EDF0, 0x4 Bytes, ...)
T30A0 018:285.382   CPU_ReadMem(4 bytes @ 0xE000EDF0)
T30A0 018:286.236   Data:  01 00 18 00
T30A0 018:286.256   Debug reg: DHCSR
T30A0 018:286.262 - 0.900ms returns 0
T30A0 018:286.276 JLINK_ReadMem(0x400E002C, 0x4 Bytes, ...)
T30A0 018:286.284   CPU_ReadMem(4 bytes @ 0x400E002C)
T30A0 018:287.194   Data:  02 00 00 00
T30A0 018:287.212 - 0.936ms returns 0
T30A0 018:287.230 JLINK_ReadMem(0xE000EDF0, 0x4 Bytes, ...)
T30A0 018:287.244   CPU_ReadMem(4 bytes @ 0xE000EDF0)
T30A0 018:288.140   Data:  01 00 18 00
T30A0 018:288.160   Debug reg: DHCSR
T30A0 018:288.172 - 0.942ms returns 0
T30A0 018:288.188 JLINK_ReadMem(0x400E002C, 0x4 Bytes, ...)
T30A0 018:288.204   CPU_ReadMem(4 bytes @ 0x400E002C)
T30A0 018:289.120   Data:  02 00 00 00
T30A0 018:289.140 - 0.952ms returns 0
T30A0 018:298.998 JLINK_Close()
T30A0 018:325.050 - 26.040ms
T30A0 018:325.072   
T30A0 018:325.080   Closed
