T1780 000:000.795   SEGGER J-Link V7.86b Log File
T1780 000:000.979   DLL Compiled: Mar  1 2023 16:53:12
T1780 000:000.992   Logging started @ 2023-05-07 12:35
T1780 000:001.000 - 1.004ms
T1780 000:001.021 JLINK_GetDLLVersion()
T1780 000:001.031 - 0.014ms returns 78602
T1780 000:002.449 JLINK_OpenEx(...)
T1780 000:008.746   Looking for J-Link GUI Server exe at: C:\Users\Alex\.eclipse\com.renesas.platform_1865866160\DebugComp\RA\ARM\Segger_v7.86.2\JLinkGUIServer.exe
T1780 000:009.045   Looking for J-Link GUI Server exe at: N:\Program Files\SEGGER\JLink\JLinkGUIServer.exe
T1780 000:009.072   Forking J-Link GUI Server: N:\Program Files\SEGGER\JLink\JLinkGUIServer.exe
T1780 000:048.077   J-Link GUI Server info: "J-Link GUI server V7.86h "
T1780 001:808.539   Firmware: J-Link OB-S124 compiled Feb 23 2023 15:12:56
T1780 001:809.319   Firmware: J-Link OB-S124 compiled Feb 23 2023 15:12:56
T1780 001:834.854   Hardware: V1.00
T1780 001:834.883   S/N: 831126467
T1780 001:834.895   OEM: SEGGER
T1780 001:834.907   Feature(s): None
T1780 001:836.948   TELNET listener socket opened on port 19021
T1780 001:837.336   WEBSRV WEBSRV_Init(): Starting webserver thread(s)
T1780 001:837.638   WEBSRV Webserver running on local port 19080
T1780 001:851.011 - 1848.585ms returns "O.K."
T1780 001:851.180 JLINK_ExecCommand("ProjectFile=F:\Grutter_Services_LLC\Repositories\Renesas-RA\EK_RA6M4\EK_RA6M4_MicroROS_USB/EK_RA6M4_MicroROS_USB Debug_Flat.jlink", ...). 
T1780 001:866.320 - 15.155ms returns 0x00
T1780 001:866.921 JLINK_ExecCommand("device=R7FA6M4AF", ...). 
T1780 001:867.575   Flash bank @ 0x60000000: SFL: Parsing sectorization info from ELF file
T1780 001:867.596     FlashDevice.SectorInfo[0]: .SectorSize = 0x00010000, .SectorStartAddr = 0x00000000
T1780 001:867.614   OFL: Init() N/A
T1780 001:867.627   OFL: UnInit() N/A
T1780 001:867.639   OFL: EraseSector() N/A
T1780 001:867.651   OFL: ProgramPage() N/A
T1780 001:867.664   OFL: EraseChip() N/A
T1780 001:867.676   OFL: BlankCheck() N/A
T1780 001:867.688   OFL: Verify() N/A
T1780 001:867.701   OFL: SEGGER_FL_Erase() present @ offset 0x000004DD
T1780 001:867.713   OFL: SEGGER_FL_Program() present @ offset 0x000004C1
T1780 001:867.726   OFL: SEGGER_FL_Read() N/A
T1780 001:867.738   OFL: SEGGER_OPEN_Read() N/A
T1780 001:867.751   OFL: SEGGER_FL_CalcCRC() present @ offset 0x00000505
T1780 001:867.764   OFL: SEGGER_FL_Start() present @ offset 0x0000051D
T1780 001:867.776   OFL: SEGGER_FL_GetFlashInfo() present @ offset 0x000001B9
T1780 001:867.788   OFL: SEGGER_FL_Verify() N/A
T1780 001:867.800   OFL: SEGGER_FL_CheckBlank() present @ offset 0x000004F1
T1780 001:867.812   OFL: SEGGER_FL_Prepare() present @ offset 0x000001DD
T1780 001:867.824   OFL: SEGGER_FL_Restore() present @ offset 0x0000038D
T1780 001:867.837   OFL: SEGGER_FL_EraseChip() N/A
T1780 001:871.460   Device "R7FA6M4AF" selected.
T1780 001:871.805 - 4.875ms returns 0x00
T1780 001:871.843 JLINK_ReadMem(0xE000EDF0, 0x4 Bytes, ...)
T1780 001:872.271   ConfigTargetSettings() start
T1780 001:872.307    J-Link Script File: Executing ConfigTargetSettings()
T1780 001:872.330   Configuring FlashDLNoRMWThreshold=0x200 in order to make sure that option bytes programming is done via read-modify-write
T1780 001:879.610   ConfigTargetSettings() end - Took 7ms
T1780 001:880.824   InitTarget() start
T1780 001:880.861    J-Link Script File: Executing InitTarget()
T1780 001:880.875   SWD selected. Executing JTAG -> SWD switching sequence.
T1780 001:888.336   DAP initialized successfully.
T1780 001:888.369   Determining TrustZone configuration...
T1780 001:892.470     Secure Debug: Enabled (SSD)
T1780 001:892.500   Determining currently configured transfer type by reading the AHB-AP CSW register.
T1780 001:895.865     --> Correct transfer type configured. Done.
T1780 001:895.898   InitTarget() end - Took 15ms
T1780 001:898.685   Found SW-DP with ID 0x6BA02477
T1780 001:907.485   DPIDR: 0x6BA02477
T1780 001:907.517   CoreSight SoC-400 or earlier
T1780 001:907.536   Scanning AP map to find all available APs
T1780 001:912.051   AP[2]: Stopped AP scan as end of AP map has been reached
T1780 001:912.073   AP[0]: AHB-AP (IDR: 0x84770001)
T1780 001:912.085   AP[1]: APB-AP (IDR: 0x54770002)
T1780 001:912.096   Iterating through AP map to find AHB-AP to use
T1780 001:916.200   AP[0]: Core found
T1780 001:916.231   AP[0]: AHB-AP ROM base: 0xE00FE000
T1780 001:918.341   CPUID register: 0x410FD214. Implementer code: 0x41 (ARM)
T1780 001:918.358   Feature set: Mainline
T1780 001:920.387   Cache: No cache
T1780 001:920.423   Found Cortex-M33 r0p4, Little endian.
T1780 001:921.117   -- Max. mem block: 0x000019C8
T1780 001:923.432   CPU_ReadMem(4 bytes @ 0xE000EDF0)
T1780 001:925.495   CPU_ReadMem(4 bytes @ 0xE0002000)
T1780 001:927.537   FPUnit: 8 code (BP) slots and 0 literal slots
T1780 001:927.554   CPU_ReadMem(4 bytes @ 0xE000EDFC)
T1780 001:929.717   CPU_ReadMem(4 bytes @ 0xE0001000)
T1780 001:931.878   CPU_ReadMem(4 bytes @ 0xE0001000)
T1780 001:934.063   CPU_ReadMem(4 bytes @ 0xE0001028)
T1780 001:936.296   CPU_ReadMem(4 bytes @ 0xE0001038)
T1780 001:938.540   CPU_ReadMem(4 bytes @ 0xE0001048)
T1780 001:940.749   CPU_ReadMem(4 bytes @ 0xE0001058)
T1780 001:943.007   CPU_WriteMem(4 bytes @ 0xE0001000)
T1780 001:945.227   CPU_ReadMem(4 bytes @ 0xE000ED88)
T1780 001:947.482   CPU_WriteMem(4 bytes @ 0xE000ED88)
T1780 001:949.722   CPU_ReadMem(4 bytes @ 0xE000ED88)
T1780 001:951.936   CPU_WriteMem(4 bytes @ 0xE000ED88)
T1780 001:953.994   CPU_ReadMem(4 bytes @ 0xE000EFB8)
T1780 001:956.058   Security extension: implemented
T1780 001:956.099   Secure debug: enabled
T1780 001:956.115   CoreSight components:
T1780 001:956.143   ROMTbl[0] @ E00FE000
T1780 001:956.163   CPU_ReadMem(64 bytes @ 0xE00FE000)
T1780 001:962.522   CPU_ReadMem(32 bytes @ 0xE0044FE0)
T1780 001:966.664   CPU_ReadMem(4 bytes @ 0xE0044FBC)
T1780 001:968.838   CPU_ReadMem(4 bytes @ 0xE0044FCC)
T1780 001:971.013   [0][0]: E0044000 CID B105900D PID 005BB906 DEVARCH 00000000 DEVTYPE 14 CTI (?)
T1780 001:971.044   CPU_ReadMem(32 bytes @ 0xE0047FE0)
T1780 001:975.197   CPU_ReadMem(4 bytes @ 0xE0047FBC)
T1780 001:977.481   CPU_ReadMem(4 bytes @ 0xE0047FCC)
T1780 001:979.631   [0][1]: E0047000 CID B105900D PID 003BB908 DEVARCH 00000000 DEVTYPE 12 CSTF
T1780 001:979.654   CPU_ReadMem(32 bytes @ 0xE0048FE0)
T1780 001:983.779   CPU_ReadMem(4 bytes @ 0xE0048FBC)
T1780 001:986.003   CPU_ReadMem(4 bytes @ 0xE0048FCC)
T1780 001:988.219   [0][2]: E0048000 CID B105900D PID 001BB961 DEVARCH 00000000 DEVTYPE 21 ETB
T1780 001:988.251   CPU_ReadMem(32 bytes @ 0xE0049FE0)
T1780 001:992.352   [0][3]: E0049000 CID B105F00D PID 001BB101 TSG
T1780 001:992.381   CPU_ReadMem(32 bytes @ 0xE0040FE0)
T1780 001:996.319   CPU_ReadMem(4 bytes @ 0xE0040FBC)
T1780 001:998.421   CPU_ReadMem(4 bytes @ 0xE0040FCC)
T1780 002:000.574   [0][4]: E0040000 CID B105900D PID 000BBD21 DEVARCH 00000000 DEVTYPE 11 TPIU
T1780 002:000.594   CPU_ReadMem(32 bytes @ 0xE00FFFE0)
T1780 002:004.756   [0][5]: E00FF000 CID B105100D PID 000BB4C9 ROM Table
T1780 002:004.788   ROMTbl[1] @ E00FF000
T1780 002:004.802   CPU_ReadMem(64 bytes @ 0xE00FF000)
T1780 002:011.121   CPU_ReadMem(32 bytes @ 0xE000EFE0)
T1780 002:015.229   CPU_ReadMem(4 bytes @ 0xE000EFBC)
T1780 002:017.490   CPU_ReadMem(4 bytes @ 0xE000EFCC)
T1780 002:019.693   [1][0]: E000E000 CID B105900D PID 000BBD21 DEVARCH 47702A04 DEVTYPE 00 Cortex-M33
T1780 002:019.712   CPU_ReadMem(32 bytes @ 0xE0001FE0)
T1780 002:023.724   CPU_ReadMem(4 bytes @ 0xE0001FBC)
T1780 002:025.883   CPU_ReadMem(4 bytes @ 0xE0001FCC)
T1780 002:027.974   [1][1]: E0001000 CID B105900D PID 000BBD21 DEVARCH 47701A02 DEVTYPE 00 DWT
T1780 002:027.999   CPU_ReadMem(32 bytes @ 0xE0002FE0)
T1780 002:032.189   CPU_ReadMem(4 bytes @ 0xE0002FBC)
T1780 002:034.531   CPU_ReadMem(4 bytes @ 0xE0002FCC)
T1780 002:036.722   [1][2]: E0002000 CID B105900D PID 000BBD21 DEVARCH 47701A03 DEVTYPE 00 FPB
T1780 002:036.749   CPU_ReadMem(32 bytes @ 0xE0000FE0)
T1780 002:040.877   CPU_ReadMem(4 bytes @ 0xE0000FBC)
T1780 002:042.921   CPU_ReadMem(4 bytes @ 0xE0000FCC)
T1780 002:045.038   [1][3]: E0000000 CID B105900D PID 000BBD21 DEVARCH 47701A01 DEVTYPE 43 ITM
T1780 002:045.059   CPU_ReadMem(32 bytes @ 0xE0041FE0)
T1780 002:049.126   CPU_ReadMem(4 bytes @ 0xE0041FBC)
T1780 002:051.362   CPU_ReadMem(4 bytes @ 0xE0041FCC)
T1780 002:053.605   [1][5]: E0041000 CID B105900D PID 002BBD21 DEVARCH 47724A13 DEVTYPE 13 ETM
T1780 002:053.624   CPU_ReadMem(32 bytes @ 0xE0042FE0)
T1780 002:057.621   CPU_ReadMem(4 bytes @ 0xE0042FBC)
T1780 002:059.873   CPU_ReadMem(4 bytes @ 0xE0042FCC)
T1780 002:062.082   [1][6]: E0042000 CID B105900D PID 000BBD21 DEVARCH 47701A14 DEVTYPE 14 CSS600-CTI
T1780 002:062.147   CPU_ReadMem(4 bytes @ 0xE000EDF0)
T1780 002:064.376   Data:  03 00 13 00
T1780 002:064.394   Debug reg: DHCSR
T1780 002:064.405 - 192.567ms returns 0
T1780 002:064.435 JLINK_ReadMem(0x400E002C, 0x4 Bytes, ...)
T1780 002:064.449   CPU_ReadMem(4 bytes @ 0x400E002C)
T1780 002:066.629   Data:  02 00 00 00
T1780 002:066.648 - 2.217ms returns 0
T1780 002:066.699 JLINK_ReadMem(0xE000EDF0, 0x4 Bytes, ...)
T1780 002:066.714   CPU_ReadMem(4 bytes @ 0xE000EDF0)
T1780 002:068.960   Data:  03 00 13 00
T1780 002:068.979   Debug reg: DHCSR
T1780 002:068.991 - 2.296ms returns 0
T1780 002:069.023 JLINK_ReadMem(0xE000EDF0, 0x4 Bytes, ...)
T1780 002:069.037   CPU_ReadMem(4 bytes @ 0xE000EDF0)
T1780 002:071.251   Data:  03 00 13 00
T1780 002:071.270   Debug reg: DHCSR
T1780 002:071.282 - 2.262ms returns 0
T1780 002:071.301 JLINK_ReadMem(0x400E001C, 0x4 Bytes, ...)
T1780 002:071.315   CPU_ReadMem(4 bytes @ 0x400E001C)
T1780 002:073.505   Data:  00 14 01 00
T1780 002:073.523 - 2.226ms returns 0
T1780 002:073.548 JLINK_ReadMem(0xE000EDF0, 0x4 Bytes, ...)
T1780 002:073.562   CPU_ReadMem(4 bytes @ 0xE000EDF0)
T1780 002:075.657   Data:  03 00 13 00
T1780 002:075.682   Debug reg: DHCSR
T1780 002:075.694 - 2.151ms returns 0
T1780 002:075.718 JLINK_ReadMem(0x400E0018, 0x4 Bytes, ...)
T1780 002:075.734   CPU_ReadMem(4 bytes @ 0x400E0018)
T1780 002:077.949   Data:  00 80 01 00
T1780 002:077.969 - 2.254ms returns 0
T1780 002:077.996 JLINK_ReadMem(0xE000EDF0, 0x4 Bytes, ...)
T1780 002:078.010   CPU_ReadMem(4 bytes @ 0xE000EDF0)
T1780 002:080.286   Data:  03 00 13 00
T1780 002:080.305   Debug reg: DHCSR
T1780 002:080.317 - 2.325ms returns 0
T1780 002:080.337 JLINK_ReadMem(0x400E0020, 0x4 Bytes, ...)
T1780 002:080.350   CPU_ReadMem(4 bytes @ 0x400E0020)
T1780 002:082.515   Data:  00 00 00 00
T1780 002:082.534 - 2.201ms returns 0
T1780 002:082.558 JLINK_ReadMem(0xE000EDF0, 0x4 Bytes, ...)
T1780 002:082.572   CPU_ReadMem(4 bytes @ 0xE000EDF0)
T1780 002:084.801   Data:  03 00 13 00
T1780 002:084.820   Debug reg: DHCSR
T1780 002:084.831 - 2.277ms returns 0
T1780 002:084.851 JLINK_ReadMem(0x400E0028, 0x4 Bytes, ...)
T1780 002:084.865   CPU_ReadMem(4 bytes @ 0x400E0028)
T1780 002:087.103   Data:  00 64 00 00
T1780 002:087.122 - 2.274ms returns 0
T1780 002:087.146 JLINK_ReadMem(0xE000EDF0, 0x4 Bytes, ...)
T1780 002:087.160   CPU_ReadMem(4 bytes @ 0xE000EDF0)
T1780 002:089.375   Data:  03 00 13 00
T1780 002:089.393   Debug reg: DHCSR
T1780 002:089.405 - 2.263ms returns 0
T1780 002:089.425 JLINK_ReadMem(0x400E0024, 0x4 Bytes, ...)
T1780 002:089.439   CPU_ReadMem(4 bytes @ 0x400E0024)
T1780 002:091.563   Data:  00 80 00 00
T1780 002:091.583 - 2.162ms returns 0
T1780 002:091.609 JLINK_ReadMem(0xE000EDF0, 0x4 Bytes, ...)
T1780 002:091.624   CPU_ReadMem(4 bytes @ 0xE000EDF0)
T1780 002:093.779   Data:  03 00 13 00
T1780 002:093.798   Debug reg: DHCSR
T1780 002:093.810 - 2.205ms returns 0
T1780 002:093.830 JLINK_ReadMem(0x400E002C, 0x4 Bytes, ...)
T1780 002:093.844   CPU_ReadMem(4 bytes @ 0x400E002C)
T1780 002:096.079   Data:  02 00 00 00
T1780 002:096.097 - 2.271ms returns 0
T1780 002:096.121 JLINK_ReadMem(0xE000EDF0, 0x4 Bytes, ...)
T1780 002:096.135   CPU_ReadMem(4 bytes @ 0xE000EDF0)
T1780 002:098.372   Data:  03 00 13 00
T1780 002:098.390   Debug reg: DHCSR
T1780 002:098.402 - 2.285ms returns 0
T1780 002:098.422 JLINK_ReadMem(0x400E002C, 0x4 Bytes, ...)
T1780 002:098.439   CPU_ReadMem(4 bytes @ 0x400E002C)
T1780 002:100.562   Data:  02 00 00 00
T1780 002:100.580 - 2.162ms returns 0
T1780 002:108.840 JLINK_Close()
T1780 002:139.981 - 31.220ms
T1780 002:140.089   
T1780 002:140.103   Closed
